<?xml version="1.0" encoding="UTF-8"?>
<!-- Generated by org.testng.reporters.JUnitReportReporter -->
<testsuite hostname="DESKTOP-8O19A79" failures="0" tests="1" name="base.BaseTests" time="6.023" errors="0" timestamp="2022-12-07T19:10:37 ART" skipped="0">
  <testcase classname="base.BaseTests" name="setUp" time="6.023"/>
  <system-out/>
</testsuite> <!-- base.BaseTests -->
