<?xml version="1.0" encoding="UTF-8"?>
<!-- Generated by org.testng.reporters.JUnitReportReporter -->
<testsuite hostname="DESKTOP-8O19A79" failures="0" tests="1" name="AddShoppingCard.AddProductToShoppingCard" time="0.617" errors="0" timestamp="2023-01-03T20:09:02 ART" skipped="0">
  <testcase classname="AddShoppingCard.AddProductToShoppingCard" name="testSameDataInput" time="0.617"/>
  <system-out/>
</testsuite> <!-- AddShoppingCard.AddProductToShoppingCard -->
