<?xml version="1.0" encoding="UTF-8"?>
<!-- Generated by org.testng.reporters.JUnitReportReporter -->
<testsuite hostname="DESKTOP-8O19A79" failures="0" tests="1" name="login.LoginTest" time="0.703" errors="0" timestamp="2023-01-04T02:46:18 ART" skipped="0">
  <testcase classname="login.LoginTest" name="testSuccessfulLogin" time="0.703"/>
  <system-out/>
</testsuite> <!-- login.LoginTest -->
