<?xml version="1.0" encoding="UTF-8"?>
<!-- Generated by org.testng.reporters.JUnitReportReporter -->
<testsuite hostname="DESKTOP-8O19A79" failures="0" tests="1" name="login.LoginTest_TestCase4" time="0.376" errors="0" timestamp="2023-01-03T17:30:26 ART" skipped="0">
  <testcase classname="login.LoginTest_TestCase4" name="testBlocked_user" time="0.376"/>
  <system-out/>
</testsuite> <!-- login.LoginTest_TestCase4 -->
