<?xml version="1.0" encoding="UTF-8"?>
<!-- Generated by org.testng.reporters.JUnitReportReporter -->
<testsuite hostname="DESKTOP-8O19A79" failures="0" tests="1" name="login.LoginTest$LoginTest_TestCase3" time="0.680" errors="0" timestamp="2022-12-09T01:52:26 ART" skipped="0">
  <testcase classname="login.LoginTest$LoginTest_TestCase3" name="testBlocked_user" time="0.680"/>
  <system-out/>
</testsuite> <!-- login.LoginTest$LoginTest_TestCase3 -->
