<?xml version="1.0" encoding="UTF-8"?>
<!-- Generated by org.testng.reporters.JUnitReportReporter -->
<testsuite hostname="DESKTOP-8O19A79" failures="0" tests="1" name="login.LoginTest_TestCase6" time="0.003" errors="0" timestamp="2022-12-09T00:25:23 ART" skipped="0">
  <testcase classname="login.LoginTest_TestCase6" name="accessInventoryhtml" time="0.003"/>
  <system-out/>
</testsuite> <!-- login.LoginTest_TestCase6 -->
